{
  "stats": {
    "suites": 1,
    "tests": 2,
    "passes": 2,
    "pending": 0,
    "failures": 0,
    "start": "2020-04-30T09:55:00.473Z",
    "end": "2020-04-30T09:55:07.877Z",
    "duration": 7404,
    "testsRegistered": 2,
    "passPercent": 100,
    "pendingPercent": 0,
    "other": 0,
    "hasOther": false,
    "skipped": 0,
    "hasSkipped": false
  },
  "results": [
    {
      "uuid": "2ff60f38-4b8f-4e1c-9811-4421b812336c",
      "title": "",
      "fullFile": "",
      "file": "",
      "beforeHooks": [],
      "afterHooks": [],
      "tests": [],
      "suites": [
        {
          "uuid": "83ee0970-7638-4750-87ee-96848757cad4",
          "title": "TESTING RSS Feeds",
          "fullFile": "E:\\InterviewProjs\\RSSFeedsForIO\\tests\\feeds.test.spec.js",
          "file": "\\tests\\feeds.test.spec.js",
          "beforeHooks": [],
          "afterHooks": [],
          "tests": [
            {
              "title": "Testing /getRssFeeds ",
              "fullTitle": "TESTING RSS Feeds Testing /getRssFeeds ",
              "timedOut": false,
              "duration": 5193,
              "state": "passed",
              "speed": "slow",
              "pass": true,
              "fail": false,
              "pending": false,
              "context": null,
              "code": "chai.request(app)\n    .get('/apis/v1/getRssFeeds')\n    .end((err, res) => {\n        res.should.have.status(200);\n        res.body.should.be.a('object');\n        res.body.should.have.property('msg');\n        res.body.msg.should.be.eql('Data retrived successfully.');\n        done();\n    });",
              "err": {},
              "uuid": "21926b4f-d8c8-4241-be37-cce661d26c06",
              "parentUUID": "83ee0970-7638-4750-87ee-96848757cad4",
              "isHook": false,
              "skipped": false
            },
            {
              "title": "Testing /getRssFeedsAndInsertIntoDB ",
              "fullTitle": "TESTING RSS Feeds Testing /getRssFeedsAndInsertIntoDB ",
              "timedOut": false,
              "duration": 2179,
              "state": "passed",
              "speed": "slow",
              "pass": true,
              "fail": false,
              "pending": false,
              "context": null,
              "code": "chai.request(app)\n    .get('/apis/v1/getRssFeedsAndInsertIntoDB')\n    .end((err, res) => {\n        res.should.have.status(200);\n        res.body.should.be.a('object');\n        res.body.should.have.property('msg');\n        res.body.should.have.property('status');\n        res.body.status.should.be.eql(true);\n        done();\n    });",
              "err": {},
              "uuid": "850dd380-e3d0-475f-92b1-046c26254f10",
              "parentUUID": "83ee0970-7638-4750-87ee-96848757cad4",
              "isHook": false,
              "skipped": false
            }
          ],
          "suites": [],
          "passes": [
            "21926b4f-d8c8-4241-be37-cce661d26c06",
            "850dd380-e3d0-475f-92b1-046c26254f10"
          ],
          "failures": [],
          "pending": [],
          "skipped": [],
          "duration": 7372,
          "root": false,
          "rootEmpty": false,
          "_timeout": 30000
        }
      ],
      "passes": [],
      "failures": [],
      "pending": [],
      "skipped": [],
      "duration": 0,
      "root": true,
      "rootEmpty": true,
      "_timeout": 30000
    }
  ],
  "meta": {
    "mocha": {
      "version": "7.1.2"
    },
    "mochawesome": {
      "options": {
        "quiet": false,
        "reportFilename": "mochawesome",
        "saveHtml": true,
        "saveJson": true,
        "consoleReporter": "spec",
        "useInlineDiffs": false,
        "code": true
      },
      "version": "6.1.1"
    },
    "marge": {
      "options": null,
      "version": "5.1.0"
    }
  }
}